# JRE version: OpenJDK Runtime Environment Temurin-17.0.8.1+1 (17.0.8.1+1) (build 17.0.8.1+1)
# Java VM: OpenJDK 64-Bit Server VM Temurin-17.0.8.1+1 (17.0.8.1+1, mixed mode, tiered, compressed oops, compressed class ptrs, g1 gc, windows-amd64)
GC Precious Log:
 CPUs: 8 total, 8 available
 Memory: 7959M
 Large Page Support: Disabled
 NUMA Support: Disabled
 Compressed Oops: Enabled (32-bit)
 Heap Region Size: 1M
 Heap Min Capacity: 8M
 Heap Initial Capacity: 126M
 Heap Max Capacity: 1990M
 Pre-touch: Disabled
 Parallel Workers: 8
 Concurrent Workers: 2
 Concurrent Refinement Workers: 8
 Periodic GC: Disabled
Heap:
 garbage-first heap   total 48128K, used 37801K [0x0000000083a00000, 0x0000000100000000)
  region size 1024K, 14 young (14336K), 2 survivors (2048K)
 Metaspace       used 69629K, committed 70080K, reserved 1114112K
  class space    used 9059K, committed 9280K, reserved 1048576K
GC Heap History (20 events):
Event: 6.891 GC heap before
{Heap before GC invocations=13 (full 0):
 garbage-first heap   total 40960K, used 30428K [0x0000000083a00000, 0x0000000100000000)
  region size 1024K, 13 young (13312K), 2 survivors (2048K)
 Metaspace       used 41574K, committed 42048K, reserved 1114112K
  class space    used 5042K, committed 5248K, reserved 1048576K
}
Event: 6.893 GC heap after
{Heap after GC invocations=14 (full 0):
 garbage-first heap   total 40960K, used 20945K [0x0000000083a00000, 0x0000000100000000)
  region size 1024K, 1 young (1024K), 1 survivors (1024K)
 Metaspace       used 41574K, committed 42048K, reserved 1114112K
  class space    used 5042K, committed 5248K, reserved 1048576K
}
Event: 7.357 GC heap before
{Heap before GC invocations=15 (full 0):
 garbage-first heap   total 40960K, used 31185K [0x0000000083a00000, 0x0000000100000000)
  region size 1024K, 12 young (12288K), 1 survivors (1024K)
 Metaspace       used 44437K, committed 44928K, reserved 1114112K
  class space    used 5487K, committed 5696K, reserved 1048576K
}
Event: 7.360 GC heap after
{Heap after GC invocations=16 (full 0):
 garbage-first heap   total 40960K, used 21329K [0x0000000083a00000, 0x0000000100000000)
  region size 1024K, 2 young (2048K), 2 survivors (2048K)
 Metaspace       used 44437K, committed 44928K, reserved 1114112K
  class space    used 5487K, committed 5696K, reserved 1048576K
}
Event: 7.725 GC heap before
{Heap before GC invocations=16 (full 0):
 garbage-first heap   total 40960K, used 30545K [0x0000000083a00000, 0x0000000100000000)
  region size 1024K, 12 young (12288K), 2 survivors (2048K)
 Metaspace       used 47153K, committed 47616K, reserved 1114112K
  class space    used 5864K, committed 6080K, reserved 1048576K
}
Event: 7.728 GC heap after
{Heap after GC invocations=17 (full 0):
 garbage-first heap   total 40960K, used 22173K [0x0000000083a00000, 0x0000000100000000)
  region size 1024K, 2 young (2048K), 2 survivors (2048K)
 Metaspace       used 47153K, committed 47616K, reserved 1114112K
  class space    used 5864K, committed 6080K, reserved 1048576K
}
Event: 8.673 GC heap before
{Heap before GC invocations=18 (full 0):
 garbage-first heap   total 40960K, used 31389K [0x0000000083a00000, 0x0000000100000000)
  region size 1024K, 12 young (12288K), 2 survivors (2048K)
 Metaspace       used 53250K, committed 53696K, reserved 1114112K
  class space    used 6607K, committed 6784K, reserved 1048576K
}
Event: 8.676 GC heap after
{Heap after GC invocations=19 (full 0):
 garbage-first heap   total 40960K, used 23438K [0x0000000083a00000, 0x0000000100000000)
  region size 1024K, 2 young (2048K), 2 survivors (2048K)
 Metaspace       used 53250K, committed 53696K, reserved 1114112K
  class space    used 6607K, committed 6784K, reserved 1048576K
}
Event: 8.914 GC heap before
{Heap before GC invocations=19 (full 0):
 garbage-first heap   total 40960K, used 31630K [0x0000000083a00000, 0x0000000100000000)
  region size 1024K, 11 young (11264K), 2 survivors (2048K)
 Metaspace       used 55226K, committed 55680K, reserved 1114112K
  class space    used 6885K, committed 7104K, reserved 1048576K
}
Event: 8.918 GC heap after
{Heap after GC invocations=20 (full 0):
 garbage-first heap   total 40960K, used 24253K [0x0000000083a00000, 0x0000000100000000)
  region size 1024K, 1 young (1024K), 1 survivors (1024K)
 Metaspace       used 55226K, committed 55680K, reserved 1114112K
  class space    used 6885K, committed 7104K, reserved 1048576K
}
Event: 9.201 GC heap before
{Heap before GC invocations=21 (full 0):
 garbage-first heap   total 45056K, used 31421K [0x0000000083a00000, 0x0000000100000000)
  region size 1024K, 9 young (9216K), 1 survivors (1024K)
 Metaspace       used 56599K, committed 57088K, reserved 1114112K
  class space    used 7063K, committed 7296K, reserved 1048576K
}
Event: 9.203 GC heap after
{Heap after GC invocations=22 (full 0):
 garbage-first heap   total 45056K, used 24809K [0x0000000083a00000, 0x0000000100000000)
  region size 1024K, 2 young (2048K), 2 survivors (2048K)
 Metaspace       used 56599K, committed 57088K, reserved 1114112K
  class space    used 7063K, committed 7296K, reserved 1048576K
}
Event: 9.790 GC heap before
{Heap before GC invocations=22 (full 0):
 garbage-first heap   total 45056K, used 34025K [0x0000000083a00000, 0x0000000100000000)
  region size 1024K, 12 young (12288K), 2 survivors (2048K)
 Metaspace       used 59185K, committed 59584K, reserved 1114112K
  class space    used 7371K, committed 7552K, reserved 1048576K
}
Event: 9.792 GC heap after
{Heap after GC invocations=23 (full 0):
 garbage-first heap   total 45056K, used 25271K [0x0000000083a00000, 0x0000000100000000)
  region size 1024K, 2 young (2048K), 2 survivors (2048K)
 Metaspace       used 59185K, committed 59584K, reserved 1114112K
  class space    used 7371K, committed 7552K, reserved 1048576K
}
Event: 10.165 GC heap before
{Heap before GC invocations=24 (full 0):
 garbage-first heap   total 46080K, used 34487K [0x0000000083a00000, 0x0000000100000000)
  region size 1024K, 12 young (12288K), 2 survivors (2048K)
 Metaspace       used 62817K, committed 63296K, reserved 1114112K
  class space    used 7984K, committed 8192K, reserved 1048576K
}
Event: 10.167 GC heap after
{Heap after GC invocations=25 (full 0):
 garbage-first heap   total 46080K, used 25677K [0x0000000083a00000, 0x0000000100000000)
  region size 1024K, 1 young (1024K), 1 survivors (1024K)
 Metaspace       used 62817K, committed 63296K, reserved 1114112K
  class space    used 7984K, committed 8192K, reserved 1048576K
}
Event: 10.663 GC heap before
{Heap before GC invocations=25 (full 0):
 garbage-first heap   total 46080K, used 36941K [0x0000000083a00000, 0x0000000100000000)
  region size 1024K, 12 young (12288K), 1 survivors (1024K)
 Metaspace       used 65116K, committed 65600K, reserved 1114112K
  class space    used 8413K, committed 8640K, reserved 1048576K
}
Event: 10.665 GC heap after
{Heap after GC invocations=26 (full 0):
 garbage-first heap   total 46080K, used 25981K [0x0000000083a00000, 0x0000000100000000)
  region size 1024K, 2 young (2048K), 2 survivors (2048K)
 Metaspace       used 65116K, committed 65600K, reserved 1114112K
  class space    used 8413K, committed 8640K, reserved 1048576K
}
Event: 10.986 GC heap before
{Heap before GC invocations=27 (full 0):
 garbage-first heap   total 48128K, used 37245K [0x0000000083a00000, 0x0000000100000000)
  region size 1024K, 13 young (13312K), 2 survivors (2048K)
 Metaspace       used 67538K, committed 68032K, reserved 1114112K
  class space    used 8805K, committed 9024K, reserved 1048576K
}
Event: 10.988 GC heap after
{Heap after GC invocations=28 (full 0):
 garbage-first heap   total 48128K, used 26537K [0x0000000083a00000, 0x0000000100000000)
  region size 1024K, 2 young (2048K), 2 survivors (2048K)
 Metaspace       used 67538K, committed 68032K, reserved 1114112K
  class space    used 8805K, committed 9024K, reserved 1048576K
}

