# JRE version: OpenJDK Runtime Environment Temurin-17.0.8.1+1 (17.0.8.1+1) (build 17.0.8.1+1)
# Java VM: OpenJDK 64-Bit Server VM Temurin-17.0.8.1+1 (17.0.8.1+1, mixed mode, tiered, compressed oops, compressed class ptrs, g1 gc, windows-amd64)
GC Precious Log:
 CPUs: 8 total, 8 available
 Memory: 7959M
 Large Page Support: Disabled
 NUMA Support: Disabled
 Compressed Oops: Enabled (32-bit)
 Heap Region Size: 1M
 Heap Min Capacity: 8M
 Heap Initial Capacity: 126M
 Heap Max Capacity: 1990M
 Pre-touch: Disabled
 Parallel Workers: 8
 Concurrent Workers: 2
 Concurrent Refinement Workers: 8
 Periodic GC: Disabled
Heap:
 garbage-first heap   total 45056K, used 25476K [0x0000000083a00000, 0x0000000100000000)
  region size 1024K, 3 young (3072K), 1 survivors (1024K)
 Metaspace       used 59888K, committed 60352K, reserved 1114112K
  class space    used 7482K, committed 7680K, reserved 1048576K
GC Heap History (20 events):
Event: 5.892 GC heap before
{Heap before GC invocations=11 (full 0):
 garbage-first heap   total 40960K, used 31460K [0x0000000083a00000, 0x0000000100000000)
  region size 1024K, 14 young (14336K), 1 survivors (1024K)
 Metaspace       used 38394K, committed 38848K, reserved 1114112K
  class space    used 4645K, committed 4864K, reserved 1048576K
}
Event: 5.895 GC heap after
{Heap after GC invocations=12 (full 0):
 garbage-first heap   total 40960K, used 19217K [0x0000000083a00000, 0x0000000100000000)
  region size 1024K, 2 young (2048K), 2 survivors (2048K)
 Metaspace       used 38394K, committed 38848K, reserved 1114112K
  class space    used 4645K, committed 4864K, reserved 1048576K
}
Event: 6.278 GC heap before
{Heap before GC invocations=12 (full 0):
 garbage-first heap   total 40960K, used 31505K [0x0000000083a00000, 0x0000000100000000)
  region size 1024K, 14 young (14336K), 2 survivors (2048K)
 Metaspace       used 39805K, committed 40256K, reserved 1114112K
  class space    used 4816K, committed 4992K, reserved 1048576K
}
Event: 6.281 GC heap after
{Heap after GC invocations=13 (full 0):
 garbage-first heap   total 40960K, used 20596K [0x0000000083a00000, 0x0000000100000000)
  region size 1024K, 2 young (2048K), 2 survivors (2048K)
 Metaspace       used 39805K, committed 40256K, reserved 1114112K
  class space    used 4816K, committed 4992K, reserved 1048576K
}
Event: 6.567 GC heap before
{Heap before GC invocations=13 (full 0):
 garbage-first heap   total 40960K, used 31860K [0x0000000083a00000, 0x0000000100000000)
  region size 1024K, 13 young (13312K), 2 survivors (2048K)
 Metaspace       used 41680K, committed 42112K, reserved 1114112K
  class space    used 5053K, committed 5248K, reserved 1048576K
}
Event: 6.569 GC heap after
{Heap after GC invocations=14 (full 0):
 garbage-first heap   total 40960K, used 21241K [0x0000000083a00000, 0x0000000100000000)
  region size 1024K, 1 young (1024K), 1 survivors (1024K)
 Metaspace       used 41680K, committed 42112K, reserved 1114112K
  class space    used 5053K, committed 5248K, reserved 1048576K
}
Event: 6.913 GC heap before
{Heap before GC invocations=15 (full 0):
 garbage-first heap   total 40960K, used 32505K [0x0000000083a00000, 0x0000000100000000)
  region size 1024K, 12 young (12288K), 1 survivors (1024K)
 Metaspace       used 44559K, committed 44992K, reserved 1114112K
  class space    used 5508K, committed 5696K, reserved 1048576K
}
Event: 6.916 GC heap after
{Heap after GC invocations=16 (full 0):
 garbage-first heap   total 40960K, used 21711K [0x0000000083a00000, 0x0000000100000000)
  region size 1024K, 2 young (2048K), 2 survivors (2048K)
 Metaspace       used 44559K, committed 44992K, reserved 1114112K
  class space    used 5508K, committed 5696K, reserved 1048576K
}
Event: 7.148 GC heap before
{Heap before GC invocations=16 (full 0):
 garbage-first heap   total 40960K, used 31951K [0x0000000083a00000, 0x0000000100000000)
  region size 1024K, 12 young (12288K), 2 survivors (2048K)
 Metaspace       used 47338K, committed 47872K, reserved 1114112K
  class space    used 5873K, committed 6144K, reserved 1048576K
}
Event: 7.150 GC heap after
{Heap after GC invocations=17 (full 0):
 garbage-first heap   total 40960K, used 22507K [0x0000000083a00000, 0x0000000100000000)
  region size 1024K, 2 young (2048K), 2 survivors (2048K)
 Metaspace       used 47338K, committed 47872K, reserved 1114112K
  class space    used 5873K, committed 6144K, reserved 1048576K
}
Event: 7.665 GC heap before
{Heap before GC invocations=18 (full 0):
 garbage-first heap   total 40960K, used 32747K [0x0000000083a00000, 0x0000000100000000)
  region size 1024K, 12 young (12288K), 2 survivors (2048K)
 Metaspace       used 53424K, committed 53824K, reserved 1114112K
  class space    used 6631K, committed 6848K, reserved 1048576K
}
Event: 7.669 GC heap after
{Heap after GC invocations=19 (full 0):
 garbage-first heap   total 40960K, used 23744K [0x0000000083a00000, 0x0000000100000000)
  region size 1024K, 2 young (2048K), 2 survivors (2048K)
 Metaspace       used 53424K, committed 53824K, reserved 1114112K
  class space    used 6631K, committed 6848K, reserved 1048576K
}
Event: 7.866 GC heap before
{Heap before GC invocations=19 (full 0):
 garbage-first heap   total 40960K, used 31936K [0x0000000083a00000, 0x0000000100000000)
  region size 1024K, 11 young (11264K), 2 survivors (2048K)
 Metaspace       used 55454K, committed 55872K, reserved 1114112K
  class space    used 6912K, committed 7104K, reserved 1048576K
}
Event: 7.869 GC heap after
{Heap after GC invocations=20 (full 0):
 garbage-first heap   total 40960K, used 24514K [0x0000000083a00000, 0x0000000100000000)
  region size 1024K, 1 young (1024K), 1 survivors (1024K)
 Metaspace       used 55454K, committed 55872K, reserved 1114112K
  class space    used 6912K, committed 7104K, reserved 1048576K
}
Event: 8.048 GC heap before
{Heap before GC invocations=21 (full 0):
 garbage-first heap   total 45056K, used 32706K [0x0000000083a00000, 0x0000000100000000)
  region size 1024K, 9 young (9216K), 1 survivors (1024K)
 Metaspace       used 56851K, committed 57344K, reserved 1114112K
  class space    used 7099K, committed 7296K, reserved 1048576K
}
Event: 8.050 GC heap after
{Heap after GC invocations=22 (full 0):
 garbage-first heap   total 45056K, used 25110K [0x0000000083a00000, 0x0000000100000000)
  region size 1024K, 2 young (2048K), 2 survivors (2048K)
 Metaspace       used 56851K, committed 57344K, reserved 1114112K
  class space    used 7099K, committed 7296K, reserved 1048576K
}
Event: 8.075 GC heap before
{Heap before GC invocations=22 (full 0):
 garbage-first heap   total 45056K, used 26134K [0x0000000083a00000, 0x0000000100000000)
  region size 1024K, 3 young (3072K), 2 survivors (2048K)
 Metaspace       used 57068K, committed 57536K, reserved 1114112K
  class space    used 7120K, committed 7296K, reserved 1048576K
}
Event: 8.078 GC heap after
{Heap after GC invocations=23 (full 0):
 garbage-first heap   total 45056K, used 25141K [0x0000000083a00000, 0x0000000100000000)
  region size 1024K, 1 young (1024K), 1 survivors (1024K)
 Metaspace       used 57068K, committed 57536K, reserved 1114112K
  class space    used 7120K, committed 7296K, reserved 1048576K
}
Event: 8.332 GC heap before
{Heap before GC invocations=23 (full 0):
 garbage-first heap   total 45056K, used 35381K [0x0000000083a00000, 0x0000000100000000)
  region size 1024K, 11 young (11264K), 1 survivors (1024K)
 Metaspace       used 59537K, committed 59968K, reserved 1114112K
  class space    used 7437K, committed 7616K, reserved 1048576K
}
Event: 8.335 GC heap after
{Heap after GC invocations=24 (full 0):
 garbage-first heap   total 45056K, used 25476K [0x0000000083a00000, 0x0000000100000000)
  region size 1024K, 1 young (1024K), 1 survivors (1024K)
 Metaspace       used 59537K, committed 59968K, reserved 1114112K
  class space    used 7437K, committed 7616K, reserved 1048576K
}

